2015-03-30 00:20:37,365 [main] ERROR org.eclipse.jgit.util.FS - Caught exception in FS.readPipe()
java.io.IOException: Cannot run program "bash" (in directory "C:\Users\AnasAlsubh"): CreateProcess error=2, The system cannot find the file specified
	at java.lang.ProcessBuilder.start(Unknown Source) ~[na:1.8.0_40]
	at java.lang.Runtime.exec(Unknown Source) ~[na:1.8.0_40]
	at org.eclipse.jgit.util.FS.readPipe(FS.java:431) [org.eclipse.jgit_3.7.0.201502260915-r.jar:3.7.0.201502260915-r]
	at org.eclipse.jgit.util.FS_Win32.discoverGitPrefix(FS_Win32.java:113) [org.eclipse.jgit_3.7.0.201502260915-r.jar:3.7.0.201502260915-r]
	at org.eclipse.jgit.util.FS.gitPrefix(FS.java:517) [org.eclipse.jgit_3.7.0.201502260915-r.jar:3.7.0.201502260915-r]
	at org.eclipse.jgit.util.SystemReader$Default.openSystemConfig(SystemReader.java:92) [org.eclipse.jgit_3.7.0.201502260915-r.jar:3.7.0.201502260915-r]
	at org.eclipse.jgit.internal.storage.file.FileRepository.<init>(FileRepository.java:171) [org.eclipse.jgit_3.7.0.201502260915-r.jar:3.7.0.201502260915-r]
	at org.eclipse.jgit.storage.file.FileRepositoryBuilder.build(FileRepositoryBuilder.java:92) [org.eclipse.jgit_3.7.0.201502260915-r.jar:3.7.0.201502260915-r]
	at org.eclipse.jgit.storage.file.FileRepositoryBuilder.create(FileRepositoryBuilder.java:110) [org.eclipse.jgit_3.7.0.201502260915-r.jar:3.7.0.201502260915-r]
	at org.eclipse.egit.core.RepositoryCache.lookupRepository(RepositoryCache.java:55) [org.eclipse.egit.core_3.7.0.201502260915-r.jar:na]
	at org.eclipse.egit.core.project.GitProjectData.map(GitProjectData.java:503) [org.eclipse.egit.core_3.7.0.201502260915-r.jar:na]
	at org.eclipse.egit.core.project.GitProjectData.remapAll(GitProjectData.java:471) [org.eclipse.egit.core_3.7.0.201502260915-r.jar:na]
	at org.eclipse.egit.core.project.GitProjectData.load(GitProjectData.java:464) [org.eclipse.egit.core_3.7.0.201502260915-r.jar:na]
	at org.eclipse.egit.core.project.GitProjectData.get(GitProjectData.java:204) [org.eclipse.egit.core_3.7.0.201502260915-r.jar:na]
	at org.eclipse.egit.core.GitProvider.getData(GitProvider.java:86) [org.eclipse.egit.core_3.7.0.201502260915-r.jar:na]
	at org.eclipse.egit.core.project.RepositoryMapping.getMapping(RepositoryMapping.java:318) [org.eclipse.egit.core_3.7.0.201502260915-r.jar:na]
	at org.eclipse.egit.ui.internal.actions.RepositoryActionHandler.getProjectsInRepositoryOfSelectedResources(RepositoryActionHandler.java:201) [org.eclipse.egit.ui_3.7.0.201502260915-r.jar:na]
	at org.eclipse.egit.ui.internal.actions.RepositoryActionHandler.getProjectsInRepositoryOfSelectedResources(RepositoryActionHandler.java:183) [org.eclipse.egit.ui_3.7.0.201502260915-r.jar:na]
	at org.eclipse.egit.ui.internal.actions.AddToIndexActionHandler.isEnabled(AddToIndexActionHandler.java:80) [org.eclipse.egit.ui_3.7.0.201502260915-r.jar:na]
	at org.eclipse.ui.internal.handlers.HandlerProxy.isEnabled(HandlerProxy.java:322) [org.eclipse.ui.workbench_3.106.2.v20150204-1030.jar:na]
	at org.eclipse.ui.internal.handlers.E4HandlerProxy.canExecute(E4HandlerProxy.java:73) [org.eclipse.ui.workbench_3.106.2.v20150204-1030.jar:na]
	at sun.reflect.GeneratedMethodAccessor8.invoke(Unknown Source) ~[na:na]
	at sun.reflect.DelegatingMethodAccessorImpl.invoke(Unknown Source) ~[na:1.8.0_40]
	at java.lang.reflect.Method.invoke(Unknown Source) ~[na:1.8.0_40]
	at org.eclipse.e4.core.internal.di.MethodRequestor.execute(MethodRequestor.java:55) [org.eclipse.e4.core.di_1.4.0.v20140414-1837.jar:na]
	at org.eclipse.e4.core.internal.di.InjectorImpl.invokeUsingClass(InjectorImpl.java:247) [org.eclipse.e4.core.di_1.4.0.v20140414-1837.jar:na]
	at org.eclipse.e4.core.internal.di.InjectorImpl.invoke(InjectorImpl.java:229) [org.eclipse.e4.core.di_1.4.0.v20140414-1837.jar:na]
	at org.eclipse.e4.core.contexts.ContextInjectionFactory.invoke(ContextInjectionFactory.java:132) [org.eclipse.e4.core.contexts_1.3.100.v20140407-1019.jar:na]
	at org.eclipse.e4.core.commands.internal.HandlerServiceHandler.isEnabled(HandlerServiceHandler.java:55) [org.eclipse.e4.core.commands_0.10.2.v20140424-2344.jar:na]
	at org.eclipse.core.commands.Command.isEnabled(Command.java:862) [org.eclipse.core.commands_3.6.100.v20140528-1422.jar:na]
	at org.eclipse.ui.internal.handlers.LegacyHandlerService.registerLegacyHandler(LegacyHandlerService.java:170) [org.eclipse.ui.workbench_3.106.2.v20150204-1030.jar:na]
	at org.eclipse.ui.internal.handlers.LegacyHandlerService.registerLegacyHandler(LegacyHandlerService.java:151) [org.eclipse.ui.workbench_3.106.2.v20150204-1030.jar:na]
	at org.eclipse.ui.internal.handlers.LegacyHandlerService.readDefaultHandlers(LegacyHandlerService.java:626) [org.eclipse.ui.workbench_3.106.2.v20150204-1030.jar:na]
	at org.eclipse.ui.internal.handlers.LegacyHandlerService.readRegistry(LegacyHandlerService.java:538) [org.eclipse.ui.workbench_3.106.2.v20150204-1030.jar:na]
	at org.eclipse.ui.internal.Workbench$49.runWithException(Workbench.java:2443) [org.eclipse.ui.workbench_3.106.2.v20150204-1030.jar:na]
	at org.eclipse.ui.internal.StartupThreading$StartupRunnable.run(StartupThreading.java:32) [org.eclipse.ui.workbench_3.106.2.v20150204-1030.jar:na]
	at org.eclipse.swt.widgets.RunnableLock.run(RunnableLock.java:35) [org.eclipse.swt.win32.win32.x86_64_3.103.2.v20150203-1351.jar:na]
	at org.eclipse.swt.widgets.Synchronizer.runAsyncMessages(Synchronizer.java:136) [org.eclipse.swt.win32.win32.x86_64_3.103.2.v20150203-1351.jar:na]
	at org.eclipse.swt.widgets.Display.runAsyncMessages(Display.java:4147) [org.eclipse.swt.win32.win32.x86_64_3.103.2.v20150203-1351.jar:na]
	at org.eclipse.swt.widgets.Display.readAndDispatch(Display.java:3764) [org.eclipse.swt.win32.win32.x86_64_3.103.2.v20150203-1351.jar:na]
	at org.eclipse.ui.internal.Workbench.runUI(Workbench.java:2897) [org.eclipse.ui.workbench_3.106.2.v20150204-1030.jar:na]
	at org.eclipse.ui.internal.Workbench.access$8(Workbench.java:2797) [org.eclipse.ui.workbench_3.106.2.v20150204-1030.jar:na]
	at org.eclipse.ui.internal.Workbench$5.run(Workbench.java:633) [org.eclipse.ui.workbench_3.106.2.v20150204-1030.jar:na]
	at org.eclipse.core.databinding.observable.Realm.runWithDefault(Realm.java:332) [org.eclipse.core.databinding.observable_1.4.1.v20140210-1835.jar:na]
	at org.eclipse.ui.internal.Workbench.createAndRunWorkbench(Workbench.java:579) [org.eclipse.ui.workbench_3.106.2.v20150204-1030.jar:na]
	at org.eclipse.ui.PlatformUI.createAndRunWorkbench(PlatformUI.java:150) [org.eclipse.ui.workbench_3.106.2.v20150204-1030.jar:na]
	at org.eclipse.ui.internal.ide.application.IDEApplication.start(IDEApplication.java:135) [org.eclipse.ui.ide.application_1.0.501.v20141111-1238.jar:na]
	at org.eclipse.equinox.internal.app.EclipseAppHandle.run(EclipseAppHandle.java:196) [org.eclipse.equinox.app_1.3.200.v20130910-1609.jar:na]
	at org.eclipse.core.runtime.internal.adaptor.EclipseAppLauncher.runApplication(EclipseAppLauncher.java:134) [org.eclipse.osgi_3.10.2.v20150203-1939.jar:na]
	at org.eclipse.core.runtime.internal.adaptor.EclipseAppLauncher.start(EclipseAppLauncher.java:104) [org.eclipse.osgi_3.10.2.v20150203-1939.jar:na]
	at org.eclipse.core.runtime.adaptor.EclipseStarter.run(EclipseStarter.java:380) [org.eclipse.osgi_3.10.2.v20150203-1939.jar:na]
	at org.eclipse.core.runtime.adaptor.EclipseStarter.run(EclipseStarter.java:235) [org.eclipse.osgi_3.10.2.v20150203-1939.jar:na]
	at sun.reflect.NativeMethodAccessorImpl.invoke0(Native Method) ~[na:1.8.0_40]
	at sun.reflect.NativeMethodAccessorImpl.invoke(Unknown Source) ~[na:1.8.0_40]
	at sun.reflect.DelegatingMethodAccessorImpl.invoke(Unknown Source) ~[na:1.8.0_40]
	at java.lang.reflect.Method.invoke(Unknown Source) ~[na:1.8.0_40]
	at org.eclipse.equinox.launcher.Main.invokeFramework(Main.java:648) [org.eclipse.equinox.launcher_1.3.0.v20140415-2008.jar:na]
	at org.eclipse.equinox.launcher.Main.basicRun(Main.java:603) [org.eclipse.equinox.launcher_1.3.0.v20140415-2008.jar:na]
	at org.eclipse.equinox.launcher.Main.run(Main.java:1465) [org.eclipse.equinox.launcher_1.3.0.v20140415-2008.jar:na]
	at org.eclipse.equinox.launcher.Main.main(Main.java:1438) [org.eclipse.equinox.launcher_1.3.0.v20140415-2008.jar:na]
Caused by: java.io.IOException: CreateProcess error=2, The system cannot find the file specified
	at java.lang.ProcessImpl.create(Native Method) ~[na:1.8.0_40]
	at java.lang.ProcessImpl.<init>(Unknown Source) ~[na:1.8.0_40]
	at java.lang.ProcessImpl.start(Unknown Source) ~[na:1.8.0_40]
	... 60 common frames omitted
2015-03-30 00:22:42,258 [Worker-15] INFO  o.e.m.c.i.embedder.EclipseLogger - Using 'UTF-8' encoding to copy filtered resources.
2015-03-30 00:22:42,264 [Worker-15] INFO  o.e.m.c.i.embedder.EclipseLogger - Copying 2 resources
2015-03-30 00:22:42,298 [Worker-15] INFO  o.e.m.c.i.embedder.EclipseLogger - Using 'UTF-8' encoding to copy filtered resources.
2015-03-30 00:22:42,299 [Worker-15] INFO  o.e.m.c.i.embedder.EclipseLogger - Copying 3 resources
2015-03-30 00:23:24,770 [Worker-15] INFO  o.e.m.c.i.embedder.EclipseLogger - Using 'UTF-8' encoding to copy filtered resources.
2015-03-30 00:23:24,771 [Worker-15] INFO  o.e.m.c.i.embedder.EclipseLogger - Copying 2 resources
2015-03-30 00:23:24,772 [Worker-15] INFO  o.e.m.c.i.embedder.EclipseLogger - Using 'UTF-8' encoding to copy filtered resources.
2015-03-30 00:23:24,773 [Worker-15] INFO  o.e.m.c.i.embedder.EclipseLogger - Copying 3 resources
2015-03-30 11:13:30,823 [main] ERROR org.eclipse.jgit.util.FS - Caught exception in FS.readPipe()
java.io.IOException: Cannot run program "bash" (in directory "C:\Users\AnasAlsubh"): CreateProcess error=2, The system cannot find the file specified
	at java.lang.ProcessBuilder.start(Unknown Source) ~[na:1.8.0_40]
	at java.lang.Runtime.exec(Unknown Source) ~[na:1.8.0_40]
	at org.eclipse.jgit.util.FS.readPipe(FS.java:431) [org.eclipse.jgit_3.7.0.201502260915-r.jar:3.7.0.201502260915-r]
	at org.eclipse.jgit.util.FS_Win32.discoverGitPrefix(FS_Win32.java:113) [org.eclipse.jgit_3.7.0.201502260915-r.jar:3.7.0.201502260915-r]
	at org.eclipse.jgit.util.FS.gitPrefix(FS.java:517) [org.eclipse.jgit_3.7.0.201502260915-r.jar:3.7.0.201502260915-r]
	at org.eclipse.jgit.util.SystemReader$Default.openSystemConfig(SystemReader.java:92) [org.eclipse.jgit_3.7.0.201502260915-r.jar:3.7.0.201502260915-r]
	at org.eclipse.jgit.internal.storage.file.FileRepository.<init>(FileRepository.java:171) [org.eclipse.jgit_3.7.0.201502260915-r.jar:3.7.0.201502260915-r]
	at org.eclipse.jgit.storage.file.FileRepositoryBuilder.build(FileRepositoryBuilder.java:92) [org.eclipse.jgit_3.7.0.201502260915-r.jar:3.7.0.201502260915-r]
	at org.eclipse.jgit.storage.file.FileRepositoryBuilder.create(FileRepositoryBuilder.java:110) [org.eclipse.jgit_3.7.0.201502260915-r.jar:3.7.0.201502260915-r]
	at org.eclipse.egit.core.RepositoryCache.lookupRepository(RepositoryCache.java:55) [org.eclipse.egit.core_3.7.0.201502260915-r.jar:na]
	at org.eclipse.egit.core.project.GitProjectData.map(GitProjectData.java:503) [org.eclipse.egit.core_3.7.0.201502260915-r.jar:na]
	at org.eclipse.egit.core.project.GitProjectData.remapAll(GitProjectData.java:471) [org.eclipse.egit.core_3.7.0.201502260915-r.jar:na]
	at org.eclipse.egit.core.project.GitProjectData.load(GitProjectData.java:464) [org.eclipse.egit.core_3.7.0.201502260915-r.jar:na]
	at org.eclipse.egit.core.project.GitProjectData.get(GitProjectData.java:204) [org.eclipse.egit.core_3.7.0.201502260915-r.jar:na]
	at org.eclipse.egit.core.GitProvider.getData(GitProvider.java:86) [org.eclipse.egit.core_3.7.0.201502260915-r.jar:na]
	at org.eclipse.egit.core.project.RepositoryMapping.getMapping(RepositoryMapping.java:318) [org.eclipse.egit.core_3.7.0.201502260915-r.jar:na]
	at org.eclipse.egit.ui.internal.actions.RepositoryActionHandler.getProjectsInRepositoryOfSelectedResources(RepositoryActionHandler.java:201) [org.eclipse.egit.ui_3.7.0.201502260915-r.jar:na]
	at org.eclipse.egit.ui.internal.actions.RepositoryActionHandler.getProjectsInRepositoryOfSelectedResources(RepositoryActionHandler.java:183) [org.eclipse.egit.ui_3.7.0.201502260915-r.jar:na]
	at org.eclipse.egit.ui.internal.actions.AddToIndexActionHandler.isEnabled(AddToIndexActionHandler.java:80) [org.eclipse.egit.ui_3.7.0.201502260915-r.jar:na]
	at org.eclipse.ui.internal.handlers.HandlerProxy.isEnabled(HandlerProxy.java:322) [org.eclipse.ui.workbench_3.106.2.v20150204-1030.jar:na]
	at org.eclipse.ui.internal.handlers.E4HandlerProxy.canExecute(E4HandlerProxy.java:73) [org.eclipse.ui.workbench_3.106.2.v20150204-1030.jar:na]
	at sun.reflect.GeneratedMethodAccessor6.invoke(Unknown Source) ~[na:na]
	at sun.reflect.DelegatingMethodAccessorImpl.invoke(Unknown Source) ~[na:1.8.0_40]
	at java.lang.reflect.Method.invoke(Unknown Source) ~[na:1.8.0_40]
	at org.eclipse.e4.core.internal.di.MethodRequestor.execute(MethodRequestor.java:55) [org.eclipse.e4.core.di_1.4.0.v20140414-1837.jar:na]
	at org.eclipse.e4.core.internal.di.InjectorImpl.invokeUsingClass(InjectorImpl.java:247) [org.eclipse.e4.core.di_1.4.0.v20140414-1837.jar:na]
	at org.eclipse.e4.core.internal.di.InjectorImpl.invoke(InjectorImpl.java:229) [org.eclipse.e4.core.di_1.4.0.v20140414-1837.jar:na]
	at org.eclipse.e4.core.contexts.ContextInjectionFactory.invoke(ContextInjectionFactory.java:132) [org.eclipse.e4.core.contexts_1.3.100.v20140407-1019.jar:na]
	at org.eclipse.e4.core.commands.internal.HandlerServiceHandler.isEnabled(HandlerServiceHandler.java:55) [org.eclipse.e4.core.commands_0.10.2.v20140424-2344.jar:na]
	at org.eclipse.core.commands.Command.isEnabled(Command.java:862) [org.eclipse.core.commands_3.6.100.v20140528-1422.jar:na]
	at org.eclipse.ui.internal.handlers.LegacyHandlerService.registerLegacyHandler(LegacyHandlerService.java:170) [org.eclipse.ui.workbench_3.106.2.v20150204-1030.jar:na]
	at org.eclipse.ui.internal.handlers.LegacyHandlerService.registerLegacyHandler(LegacyHandlerService.java:151) [org.eclipse.ui.workbench_3.106.2.v20150204-1030.jar:na]
	at org.eclipse.ui.internal.handlers.LegacyHandlerService.readDefaultHandlers(LegacyHandlerService.java:626) [org.eclipse.ui.workbench_3.106.2.v20150204-1030.jar:na]
	at org.eclipse.ui.internal.handlers.LegacyHandlerService.readRegistry(LegacyHandlerService.java:538) [org.eclipse.ui.workbench_3.106.2.v20150204-1030.jar:na]
	at org.eclipse.ui.internal.Workbench$49.runWithException(Workbench.java:2443) [org.eclipse.ui.workbench_3.106.2.v20150204-1030.jar:na]
	at org.eclipse.ui.internal.StartupThreading$StartupRunnable.run(StartupThreading.java:32) [org.eclipse.ui.workbench_3.106.2.v20150204-1030.jar:na]
	at org.eclipse.swt.widgets.RunnableLock.run(RunnableLock.java:35) [org.eclipse.swt.win32.win32.x86_64_3.103.2.v20150203-1351.jar:na]
	at org.eclipse.swt.widgets.Synchronizer.runAsyncMessages(Synchronizer.java:136) [org.eclipse.swt.win32.win32.x86_64_3.103.2.v20150203-1351.jar:na]
	at org.eclipse.swt.widgets.Display.runAsyncMessages(Display.java:4147) [org.eclipse.swt.win32.win32.x86_64_3.103.2.v20150203-1351.jar:na]
	at org.eclipse.swt.widgets.Display.readAndDispatch(Display.java:3764) [org.eclipse.swt.win32.win32.x86_64_3.103.2.v20150203-1351.jar:na]
	at org.eclipse.ui.internal.Workbench.runUI(Workbench.java:2897) [org.eclipse.ui.workbench_3.106.2.v20150204-1030.jar:na]
	at org.eclipse.ui.internal.Workbench.access$8(Workbench.java:2797) [org.eclipse.ui.workbench_3.106.2.v20150204-1030.jar:na]
	at org.eclipse.ui.internal.Workbench$5.run(Workbench.java:633) [org.eclipse.ui.workbench_3.106.2.v20150204-1030.jar:na]
	at org.eclipse.core.databinding.observable.Realm.runWithDefault(Realm.java:332) [org.eclipse.core.databinding.observable_1.4.1.v20140210-1835.jar:na]
	at org.eclipse.ui.internal.Workbench.createAndRunWorkbench(Workbench.java:579) [org.eclipse.ui.workbench_3.106.2.v20150204-1030.jar:na]
	at org.eclipse.ui.PlatformUI.createAndRunWorkbench(PlatformUI.java:150) [org.eclipse.ui.workbench_3.106.2.v20150204-1030.jar:na]
	at org.eclipse.ui.internal.ide.application.IDEApplication.start(IDEApplication.java:135) [org.eclipse.ui.ide.application_1.0.501.v20141111-1238.jar:na]
	at org.eclipse.equinox.internal.app.EclipseAppHandle.run(EclipseAppHandle.java:196) [org.eclipse.equinox.app_1.3.200.v20130910-1609.jar:na]
	at org.eclipse.core.runtime.internal.adaptor.EclipseAppLauncher.runApplication(EclipseAppLauncher.java:134) [org.eclipse.osgi_3.10.2.v20150203-1939.jar:na]
	at org.eclipse.core.runtime.internal.adaptor.EclipseAppLauncher.start(EclipseAppLauncher.java:104) [org.eclipse.osgi_3.10.2.v20150203-1939.jar:na]
	at org.eclipse.core.runtime.adaptor.EclipseStarter.run(EclipseStarter.java:380) [org.eclipse.osgi_3.10.2.v20150203-1939.jar:na]
	at org.eclipse.core.runtime.adaptor.EclipseStarter.run(EclipseStarter.java:235) [org.eclipse.osgi_3.10.2.v20150203-1939.jar:na]
	at sun.reflect.NativeMethodAccessorImpl.invoke0(Native Method) ~[na:1.8.0_40]
	at sun.reflect.NativeMethodAccessorImpl.invoke(Unknown Source) ~[na:1.8.0_40]
	at sun.reflect.DelegatingMethodAccessorImpl.invoke(Unknown Source) ~[na:1.8.0_40]
	at java.lang.reflect.Method.invoke(Unknown Source) ~[na:1.8.0_40]
	at org.eclipse.equinox.launcher.Main.invokeFramework(Main.java:648) [org.eclipse.equinox.launcher_1.3.0.v20140415-2008.jar:na]
	at org.eclipse.equinox.launcher.Main.basicRun(Main.java:603) [org.eclipse.equinox.launcher_1.3.0.v20140415-2008.jar:na]
	at org.eclipse.equinox.launcher.Main.run(Main.java:1465) [org.eclipse.equinox.launcher_1.3.0.v20140415-2008.jar:na]
	at org.eclipse.equinox.launcher.Main.main(Main.java:1438) [org.eclipse.equinox.launcher_1.3.0.v20140415-2008.jar:na]
Caused by: java.io.IOException: CreateProcess error=2, The system cannot find the file specified
	at java.lang.ProcessImpl.create(Native Method) ~[na:1.8.0_40]
	at java.lang.ProcessImpl.<init>(Unknown Source) ~[na:1.8.0_40]
	at java.lang.ProcessImpl.start(Unknown Source) ~[na:1.8.0_40]
	... 60 common frames omitted
2015-03-30 11:15:48,369 [Worker-15] INFO  o.e.m.c.i.embedder.EclipseLogger - Using 'UTF-8' encoding to copy filtered resources.
2015-03-30 11:15:48,443 [Worker-15] INFO  o.e.m.c.i.embedder.EclipseLogger - Copying 2 resources
2015-03-30 11:15:48,495 [Worker-15] INFO  o.e.m.c.i.embedder.EclipseLogger - Using 'UTF-8' encoding to copy filtered resources.
2015-03-30 11:15:48,496 [Worker-15] INFO  o.e.m.c.i.embedder.EclipseLogger - Copying 3 resources
2015-03-30 11:16:58,095 [Worker-12] INFO  o.e.m.c.i.embedder.EclipseLogger - Using 'UTF-8' encoding to copy filtered resources.
2015-03-30 11:16:58,096 [Worker-12] INFO  o.e.m.c.i.embedder.EclipseLogger - Copying 2 resources
2015-03-30 11:16:58,098 [Worker-12] INFO  o.e.m.c.i.embedder.EclipseLogger - Using 'UTF-8' encoding to copy filtered resources.
2015-03-30 11:16:58,099 [Worker-12] INFO  o.e.m.c.i.embedder.EclipseLogger - Copying 3 resources
